2026-01-07 17:17:28,602:WARNING:
'cuml' is a soft dependency and not included in the pycaret installation. Please run: `pip install cuml` to install.
2026-01-07 17:17:28,602:WARNING:
'cuml' is a soft dependency and not included in the pycaret installation. Please run: `pip install cuml` to install.
2026-01-07 17:17:28,602:WARNING:
'cuml' is a soft dependency and not included in the pycaret installation. Please run: `pip install cuml` to install.
2026-01-07 17:17:28,602:WARNING:
'cuml' is a soft dependency and not included in the pycaret installation. Please run: `pip install cuml` to install.
2026-01-07 17:17:47,831:WARNING:
'cuml' is a soft dependency and not included in the pycaret installation. Please run: `pip install cuml` to install.
2026-01-07 17:17:47,831:WARNING:
'cuml' is a soft dependency and not included in the pycaret installation. Please run: `pip install cuml` to install.
2026-01-07 17:17:47,831:WARNING:
'cuml' is a soft dependency and not included in the pycaret installation. Please run: `pip install cuml` to install.
2026-01-07 17:17:47,831:WARNING:
'cuml' is a soft dependency and not included in the pycaret installation. Please run: `pip install cuml` to install.
2026-01-07 17:17:50,532:INFO:PyCaret RegressionExperiment
2026-01-07 17:17:50,532:INFO:Logging name: reg-default-name
2026-01-07 17:17:50,532:INFO:ML Usecase: MLUsecase.REGRESSION
2026-01-07 17:17:50,532:INFO:version 3.3.2
2026-01-07 17:17:50,532:INFO:Initializing setup()
2026-01-07 17:17:50,533:INFO:self.USI: 1a06
2026-01-07 17:17:50,533:INFO:self._variable_keys: {'y_test', 'fold_generator', 'target_param', 'X_train', 'exp_id', 'html_param', 'fold_shuffle_param', 'n_jobs_param', 'pipeline', 'y', 'gpu_n_jobs_param', 'fold_groups_param', 'USI', 'exp_name_log', '_available_plots', 'gpu_param', '_ml_usecase', 'X', 'idx', 'transform_target_param', 'memory', 'X_test', 'seed', 'logging_param', 'log_plots_param', 'data', 'y_train'}
2026-01-07 17:17:50,533:INFO:Checking environment
2026-01-07 17:17:50,533:INFO:python_version: 3.11.14
2026-01-07 17:17:50,533:INFO:python_build: ('main', 'Oct 22 2025 22:56:31')
2026-01-07 17:17:50,533:INFO:machine: arm64
2026-01-07 17:17:50,563:INFO:platform: macOS-15.7.3-arm64-arm-64bit
2026-01-07 17:17:50,564:INFO:Memory: svmem(total=34359738368, available=14064451584, percent=59.1, used=12178735104, free=3005988864, active=9313746944, inactive=11023646720, wired=2864988160)
2026-01-07 17:17:50,564:INFO:Physical Core: 12
2026-01-07 17:17:50,564:INFO:Logical Core: 12
2026-01-07 17:17:50,564:INFO:Checking libraries
2026-01-07 17:17:50,564:INFO:System:
2026-01-07 17:17:50,564:INFO:    python: 3.11.14 | packaged by conda-forge | (main, Oct 22 2025, 22:56:31) [Clang 19.1.7 ]
2026-01-07 17:17:50,564:INFO:executable: /Users/ywu47/urban-mobility/.conda/bin/python
2026-01-07 17:17:50,564:INFO:   machine: macOS-15.7.3-arm64-arm-64bit
2026-01-07 17:17:50,564:INFO:PyCaret required dependencies:
2026-01-07 17:17:50,565:WARNING:/Users/ywu47/urban-mobility/.conda/lib/python3.11/site-packages/_distutils_hack/__init__.py:30: UserWarning: Setuptools is replacing distutils. Support for replacing an already imported distutils is deprecated. In the future, this condition will fail. Register concerns at https://github.com/pypa/setuptools/issues/new?template=distutils-deprecation.yml
  warnings.warn(

2026-01-07 17:17:50,568:INFO:                 pip: 25.3
2026-01-07 17:17:50,568:INFO:          setuptools: 80.9.0
2026-01-07 17:17:50,568:INFO:             pycaret: 3.3.2
2026-01-07 17:17:50,568:INFO:             IPython: 9.9.0
2026-01-07 17:17:50,568:INFO:          ipywidgets: 8.1.8
2026-01-07 17:17:50,568:INFO:                tqdm: 4.67.1
2026-01-07 17:17:50,568:INFO:               numpy: 1.26.4
2026-01-07 17:17:50,568:INFO:              pandas: 2.1.4
2026-01-07 17:17:50,568:INFO:              jinja2: 3.1.6
2026-01-07 17:17:50,568:INFO:               scipy: 1.11.4
2026-01-07 17:17:50,568:INFO:              joblib: 1.3.2
2026-01-07 17:17:50,568:INFO:             sklearn: 1.4.2
2026-01-07 17:17:50,569:INFO:                pyod: 2.0.6
2026-01-07 17:17:50,569:INFO:            imblearn: 0.14.1
2026-01-07 17:17:50,569:INFO:   category_encoders: 2.7.0
2026-01-07 17:17:50,569:INFO:            lightgbm: 4.6.0
2026-01-07 17:17:50,569:INFO:               numba: 0.63.1
2026-01-07 17:17:50,569:INFO:            requests: 2.32.5
2026-01-07 17:17:50,569:INFO:          matplotlib: 3.10.8
2026-01-07 17:17:50,569:INFO:          scikitplot: 0.3.7
2026-01-07 17:17:50,569:INFO:         yellowbrick: 1.5
2026-01-07 17:17:50,569:INFO:              plotly: 6.5.0
2026-01-07 17:17:50,569:INFO:    plotly-resampler: Not installed
2026-01-07 17:17:50,569:INFO:             kaleido: 0.2.1
2026-01-07 17:17:50,569:INFO:           schemdraw: 0.15
2026-01-07 17:17:50,569:INFO:         statsmodels: 0.14.6
2026-01-07 17:17:50,569:INFO:              sktime: 0.26.0
2026-01-07 17:17:50,569:INFO:               tbats: 1.1.3
2026-01-07 17:17:50,569:INFO:            pmdarima: 2.0.4
2026-01-07 17:17:50,569:INFO:              psutil: 7.2.1
2026-01-07 17:17:50,569:INFO:          markupsafe: 3.0.3
2026-01-07 17:17:50,569:INFO:             pickle5: Not installed
2026-01-07 17:17:50,569:INFO:         cloudpickle: 3.1.2
2026-01-07 17:17:50,569:INFO:         deprecation: 2.1.0
2026-01-07 17:17:50,569:INFO:              xxhash: 3.6.0
2026-01-07 17:17:50,569:INFO:           wurlitzer: 3.1.1
2026-01-07 17:17:50,569:INFO:PyCaret optional dependencies:
2026-01-07 17:17:50,574:INFO:                shap: Not installed
2026-01-07 17:17:50,574:INFO:           interpret: Not installed
2026-01-07 17:17:50,574:INFO:                umap: 0.5.9.post2
2026-01-07 17:17:50,574:INFO:     ydata_profiling: Not installed
2026-01-07 17:17:50,574:INFO:  explainerdashboard: Not installed
2026-01-07 17:17:50,574:INFO:             autoviz: Not installed
2026-01-07 17:17:50,574:INFO:           fairlearn: Not installed
2026-01-07 17:17:50,574:INFO:          deepchecks: Not installed
2026-01-07 17:17:50,574:INFO:             xgboost: Not installed
2026-01-07 17:17:50,574:INFO:            catboost: Not installed
2026-01-07 17:17:50,574:INFO:              kmodes: Not installed
2026-01-07 17:17:50,574:INFO:             mlxtend: Not installed
2026-01-07 17:17:50,574:INFO:       statsforecast: Not installed
2026-01-07 17:17:50,574:INFO:        tune_sklearn: Not installed
2026-01-07 17:17:50,574:INFO:                 ray: Not installed
2026-01-07 17:17:50,574:INFO:            hyperopt: Not installed
2026-01-07 17:17:50,574:INFO:              optuna: Not installed
2026-01-07 17:17:50,574:INFO:               skopt: Not installed
2026-01-07 17:17:50,574:INFO:              mlflow: Not installed
2026-01-07 17:17:50,574:INFO:              gradio: Not installed
2026-01-07 17:17:50,574:INFO:             fastapi: Not installed
2026-01-07 17:17:50,574:INFO:             uvicorn: Not installed
2026-01-07 17:17:50,574:INFO:              m2cgen: Not installed
2026-01-07 17:17:50,574:INFO:           evidently: Not installed
2026-01-07 17:17:50,574:INFO:               fugue: Not installed
2026-01-07 17:17:50,574:INFO:           streamlit: Not installed
2026-01-07 17:17:50,574:INFO:             prophet: Not installed
2026-01-07 17:17:50,574:INFO:None
2026-01-07 17:17:50,574:INFO:Set up data.
2026-01-07 17:17:53,565:INFO:Set up folding strategy.
2026-01-07 17:25:43,337:WARNING:
'cuml' is a soft dependency and not included in the pycaret installation. Please run: `pip install cuml` to install.
2026-01-07 17:25:43,337:WARNING:
'cuml' is a soft dependency and not included in the pycaret installation. Please run: `pip install cuml` to install.
2026-01-07 17:25:43,337:WARNING:
'cuml' is a soft dependency and not included in the pycaret installation. Please run: `pip install cuml` to install.
2026-01-07 17:25:43,337:WARNING:
'cuml' is a soft dependency and not included in the pycaret installation. Please run: `pip install cuml` to install.
2026-01-07 17:25:45,623:INFO:PyCaret RegressionExperiment
2026-01-07 17:25:45,623:INFO:Logging name: reg-default-name
2026-01-07 17:25:45,623:INFO:ML Usecase: MLUsecase.REGRESSION
2026-01-07 17:25:45,623:INFO:version 3.3.2
2026-01-07 17:25:45,623:INFO:Initializing setup()
2026-01-07 17:25:45,623:INFO:self.USI: 1d1c
2026-01-07 17:25:45,623:INFO:self._variable_keys: {'logging_param', 'X_test', 'y', 'fold_generator', 'fold_shuffle_param', 'gpu_param', 'exp_id', 'idx', 'gpu_n_jobs_param', '_ml_usecase', 'transform_target_param', 'USI', 'data', 'memory', 'y_train', 'n_jobs_param', '_available_plots', 'target_param', 'log_plots_param', 'pipeline', 'X', 'X_train', 'html_param', 'exp_name_log', 'fold_groups_param', 'seed', 'y_test'}
2026-01-07 17:25:45,623:INFO:Checking environment
2026-01-07 17:25:45,623:INFO:python_version: 3.11.14
2026-01-07 17:25:45,623:INFO:python_build: ('main', 'Oct 22 2025 22:56:31')
2026-01-07 17:25:45,623:INFO:machine: arm64
2026-01-07 17:25:45,653:INFO:platform: macOS-15.7.3-arm64-arm-64bit
2026-01-07 17:25:45,654:INFO:Memory: svmem(total=34359738368, available=13247463424, percent=61.4, used=11593809920, free=2981183488, active=8738078720, inactive=10257940480, wired=2855731200)
2026-01-07 17:25:45,654:INFO:Physical Core: 12
2026-01-07 17:25:45,654:INFO:Logical Core: 12
2026-01-07 17:25:45,654:INFO:Checking libraries
2026-01-07 17:25:45,654:INFO:System:
2026-01-07 17:25:45,654:INFO:    python: 3.11.14 | packaged by conda-forge | (main, Oct 22 2025, 22:56:31) [Clang 19.1.7 ]
2026-01-07 17:25:45,654:INFO:executable: /Users/ywu47/urban-mobility/.conda/bin/python
2026-01-07 17:25:45,654:INFO:   machine: macOS-15.7.3-arm64-arm-64bit
2026-01-07 17:25:45,654:INFO:PyCaret required dependencies:
2026-01-07 17:25:45,655:WARNING:/Users/ywu47/urban-mobility/.conda/lib/python3.11/site-packages/_distutils_hack/__init__.py:30: UserWarning: Setuptools is replacing distutils. Support for replacing an already imported distutils is deprecated. In the future, this condition will fail. Register concerns at https://github.com/pypa/setuptools/issues/new?template=distutils-deprecation.yml
  warnings.warn(

2026-01-07 17:25:45,657:INFO:                 pip: 25.3
2026-01-07 17:25:45,657:INFO:          setuptools: 80.9.0
2026-01-07 17:25:45,657:INFO:             pycaret: 3.3.2
2026-01-07 17:25:45,657:INFO:             IPython: 9.9.0
2026-01-07 17:25:45,657:INFO:          ipywidgets: 8.1.8
2026-01-07 17:25:45,657:INFO:                tqdm: 4.67.1
2026-01-07 17:25:45,657:INFO:               numpy: 1.26.4
2026-01-07 17:25:45,657:INFO:              pandas: 2.1.4
2026-01-07 17:25:45,657:INFO:              jinja2: 3.1.6
2026-01-07 17:25:45,657:INFO:               scipy: 1.11.4
2026-01-07 17:25:45,657:INFO:              joblib: 1.3.2
2026-01-07 17:25:45,657:INFO:             sklearn: 1.4.2
2026-01-07 17:25:45,657:INFO:                pyod: 2.0.6
2026-01-07 17:25:45,657:INFO:            imblearn: 0.14.1
2026-01-07 17:25:45,657:INFO:   category_encoders: 2.7.0
2026-01-07 17:25:45,657:INFO:            lightgbm: 4.6.0
2026-01-07 17:25:45,657:INFO:               numba: 0.63.1
2026-01-07 17:25:45,657:INFO:            requests: 2.32.5
2026-01-07 17:25:45,657:INFO:          matplotlib: 3.10.8
2026-01-07 17:25:45,657:INFO:          scikitplot: 0.3.7
2026-01-07 17:25:45,657:INFO:         yellowbrick: 1.5
2026-01-07 17:25:45,657:INFO:              plotly: 6.5.0
2026-01-07 17:25:45,657:INFO:    plotly-resampler: Not installed
2026-01-07 17:25:45,657:INFO:             kaleido: 0.2.1
2026-01-07 17:25:45,657:INFO:           schemdraw: 0.15
2026-01-07 17:25:45,657:INFO:         statsmodels: 0.14.6
2026-01-07 17:25:45,657:INFO:              sktime: 0.26.0
2026-01-07 17:25:45,657:INFO:               tbats: 1.1.3
2026-01-07 17:25:45,657:INFO:            pmdarima: 2.0.4
2026-01-07 17:25:45,657:INFO:              psutil: 7.2.1
2026-01-07 17:25:45,657:INFO:          markupsafe: 3.0.3
2026-01-07 17:25:45,657:INFO:             pickle5: Not installed
2026-01-07 17:25:45,657:INFO:         cloudpickle: 3.1.2
2026-01-07 17:25:45,657:INFO:         deprecation: 2.1.0
2026-01-07 17:25:45,657:INFO:              xxhash: 3.6.0
2026-01-07 17:25:45,657:INFO:           wurlitzer: 3.1.1
2026-01-07 17:25:45,657:INFO:PyCaret optional dependencies:
2026-01-07 17:25:45,662:INFO:                shap: Not installed
2026-01-07 17:25:45,662:INFO:           interpret: Not installed
2026-01-07 17:25:45,662:INFO:                umap: 0.5.9.post2
2026-01-07 17:25:45,662:INFO:     ydata_profiling: Not installed
2026-01-07 17:25:45,662:INFO:  explainerdashboard: Not installed
2026-01-07 17:25:45,662:INFO:             autoviz: Not installed
2026-01-07 17:25:45,662:INFO:           fairlearn: Not installed
2026-01-07 17:25:45,662:INFO:          deepchecks: Not installed
2026-01-07 17:25:45,662:INFO:             xgboost: Not installed
2026-01-07 17:25:45,662:INFO:            catboost: Not installed
2026-01-07 17:25:45,662:INFO:              kmodes: Not installed
2026-01-07 17:25:45,662:INFO:             mlxtend: Not installed
2026-01-07 17:25:45,662:INFO:       statsforecast: Not installed
2026-01-07 17:25:45,662:INFO:        tune_sklearn: Not installed
2026-01-07 17:25:45,662:INFO:                 ray: Not installed
2026-01-07 17:25:45,662:INFO:            hyperopt: Not installed
2026-01-07 17:25:45,662:INFO:              optuna: Not installed
2026-01-07 17:25:45,662:INFO:               skopt: Not installed
2026-01-07 17:25:45,662:INFO:              mlflow: Not installed
2026-01-07 17:25:45,662:INFO:              gradio: Not installed
2026-01-07 17:25:45,662:INFO:             fastapi: Not installed
2026-01-07 17:25:45,662:INFO:             uvicorn: Not installed
2026-01-07 17:25:45,662:INFO:              m2cgen: Not installed
2026-01-07 17:25:45,662:INFO:           evidently: Not installed
2026-01-07 17:25:45,662:INFO:               fugue: Not installed
2026-01-07 17:25:45,662:INFO:           streamlit: Not installed
2026-01-07 17:25:45,662:INFO:             prophet: Not installed
2026-01-07 17:25:45,662:INFO:None
2026-01-07 17:25:45,662:INFO:Set up data.
2026-01-07 17:25:48,396:INFO:Set up folding strategy.
2026-01-07 17:25:48,396:INFO:Set up train/test split.
2026-01-07 17:25:50,944:INFO:Set up index.
